
########################################
# 09/05/17 - 16:22:05                  #
# Session started                      #
# USB0::0x1313::0x804A::M00404166::0::INSTR #
# Thorlabs,ITC4001,M00404166,1.8.0/1.5.0/2.3.0
 #
########################################
16:22:22 >> sour2:temp 24.0
16:23:24 >> sour2:temp 25.0
16:29:08 <> SAVED: ./Mediciones/medicion0.npy
16:29:46 <> SAVED: D:/ALUMNOS/Grupo 1/Espectro Rb./Mediciones/medicion0.npy

########################################
# 09/05/17 - 16:47:24                  #
# Session started                      #
# USB0::0x1313::0x804A::M00404166::0::INSTR #
# Thorlabs,ITC4001,M00404166,1.8.0/1.5.0/2.3.0
 #
########################################

########################################
# 09/05/17 - 16:52:22                  #
# Session started                      #
# USB0::0x1313::0x804A::M00404166::0::INSTR #
# Thorlabs,ITC4001,M00404166,1.8.0/1.5.0/2.3.0
 #
########################################

########################################
# 09/05/17 - 16:53:18                  #
# Session started                      #
# USB0::0x1313::0x804A::M00404166::0::INSTR #
# Thorlabs,ITC4001,M00404166,1.8.0/1.5.0/2.3.0
 #
########################################
17:02:47 >> *SRE?
         << 0


########################################
# 09/05/17 - 17:57:11                  #
# Session started                      #
# USB0::0x1313::0x804A::M00404166::0::INSTR #
# Thorlabs,ITC4001,M00404166,1.8.0/1.5.0/2.3.0
 #
########################################
19:55:52 >> SOUR2:TEMP 22.500?
19:55:53 >> SOUR2:TEMP 22.550?
19:55:55 >> SOUR2:TEMP 22.600?
19:55:56 >> SOUR2:TEMP 22.650?
19:55:57 >> SOUR2:TEMP 22.700?
19:55:58 >> SOUR2:TEMP 22.750?
19:55:59 >> SOUR2:TEMP 22.800?
19:56:01 >> SOUR2:TEMP 22.850?
19:56:02 >> SOUR2:TEMP 22.900?
19:56:03 >> SOUR2:TEMP 22.950?
19:56:04 >> SOUR2:TEMP 23.000?
19:56:05 >> SOUR2:TEMP 23.050?
19:56:07 >> SOUR2:TEMP 23.100?
19:56:08 >> SOUR2:TEMP 23.150?
19:56:09 >> SOUR2:TEMP 23.200?
19:56:10 >> SOUR2:TEMP 23.250?
19:56:11 >> SOUR2:TEMP 23.300?
19:56:13 >> SOUR2:TEMP 23.350?
19:56:14 >> SOUR2:TEMP 23.400?
19:56:15 >> SOUR2:TEMP 23.450?
19:56:56 >> SOUR2:TEMP 22.500?
19:56:57 >> SOUR2:TEMP 22.600?
19:56:58 >> SOUR2:TEMP 22.700?
19:56:59 >> SOUR2:TEMP 22.800?
19:57:01 >> SOUR2:TEMP 22.900?
19:57:02 >> SOUR2:TEMP 23.000?
19:57:03 >> SOUR2:TEMP 23.100?
19:57:04 >> SOUR2:TEMP 23.200?
19:57:05 >> SOUR2:TEMP 23.300?
19:57:07 >> SOUR2:TEMP 23.400?
19:57:38 >> SOUR2:TEMP 22.500
19:57:40 >> SOUR2:TEMP 22.600
19:57:41 >> SOUR2:TEMP 22.700
19:57:42 >> SOUR2:TEMP 22.800
19:57:43 >> SOUR2:TEMP 22.900
19:57:44 >> SOUR2:TEMP 23.000
19:57:46 >> SOUR2:TEMP 23.100
19:57:47 >> SOUR2:TEMP 23.200
19:57:48 >> SOUR2:TEMP 23.300
19:57:49 >> SOUR2:TEMP 23.400
19:59:35 >> SOUR2:TEMP 23.500
19:59:36 >> SOUR2:TEMP 23.497
19:59:37 >> SOUR2:TEMP 23.493
19:59:38 >> SOUR2:TEMP 23.490
19:59:40 >> SOUR2:TEMP 23.487
19:59:41 >> SOUR2:TEMP 23.483
19:59:42 >> SOUR2:TEMP 23.480
19:59:43 >> SOUR2:TEMP 23.477
19:59:44 >> SOUR2:TEMP 23.473
19:59:46 >> SOUR2:TEMP 23.470
19:59:47 >> SOUR2:TEMP 23.467
19:59:48 >> SOUR2:TEMP 23.463
19:59:49 >> SOUR2:TEMP 23.460
19:59:50 >> SOUR2:TEMP 23.457
19:59:52 >> SOUR2:TEMP 23.453
19:59:53 >> SOUR2:TEMP 23.450
19:59:54 >> SOUR2:TEMP 23.447
19:59:55 >> SOUR2:TEMP 23.443
19:59:56 >> SOUR2:TEMP 23.440
19:59:58 >> SOUR2:TEMP 23.437
19:59:59 >> SOUR2:TEMP 23.433
20:00:00 >> SOUR2:TEMP 23.430
20:00:01 >> SOUR2:TEMP 23.427
20:00:02 >> SOUR2:TEMP 23.423
20:00:04 >> SOUR2:TEMP 23.420
20:00:05 >> SOUR2:TEMP 23.417
20:00:06 >> SOUR2:TEMP 23.413
20:00:07 >> SOUR2:TEMP 23.410
20:00:08 >> SOUR2:TEMP 23.407
20:00:10 >> SOUR2:TEMP 23.403
20:00:11 >> SOUR2:TEMP 23.400
20:00:12 >> SOUR2:TEMP 23.397
20:00:13 >> SOUR2:TEMP 23.393
20:00:14 >> SOUR2:TEMP 23.390
20:00:16 >> SOUR2:TEMP 23.387
20:00:17 >> SOUR2:TEMP 23.383
20:00:18 >> SOUR2:TEMP 23.380
20:00:19 >> SOUR2:TEMP 23.377
20:00:20 >> SOUR2:TEMP 23.373
20:00:22 >> SOUR2:TEMP 23.370
20:00:23 >> SOUR2:TEMP 23.367
20:00:24 >> SOUR2:TEMP 23.363
20:00:25 >> SOUR2:TEMP 23.360
20:00:26 >> SOUR2:TEMP 23.357
20:00:28 >> SOUR2:TEMP 23.353
20:00:29 >> SOUR2:TEMP 23.350
20:00:30 >> SOUR2:TEMP 23.347
20:00:31 >> SOUR2:TEMP 23.343
20:00:32 >> SOUR2:TEMP 23.340
20:00:34 >> SOUR2:TEMP 23.337
20:00:35 >> SOUR2:TEMP 23.333
20:00:36 >> SOUR2:TEMP 23.330
20:00:37 >> SOUR2:TEMP 23.327
20:00:38 >> SOUR2:TEMP 23.323
20:00:40 >> SOUR2:TEMP 23.320
20:00:41 >> SOUR2:TEMP 23.317
20:00:42 >> SOUR2:TEMP 23.313
20:00:43 >> SOUR2:TEMP 23.310
20:00:44 >> SOUR2:TEMP 23.307
20:00:46 >> SOUR2:TEMP 23.303
20:00:47 >> SOUR2:TEMP 23.300
20:00:48 >> SOUR2:TEMP 23.297
20:00:49 >> SOUR2:TEMP 23.293
20:00:50 >> SOUR2:TEMP 23.290
20:00:52 >> SOUR2:TEMP 23.287
20:00:53 >> SOUR2:TEMP 23.283
20:00:54 >> SOUR2:TEMP 23.280
20:00:55 >> SOUR2:TEMP 23.277
20:00:56 >> SOUR2:TEMP 23.273
20:00:58 >> SOUR2:TEMP 23.270
20:00:59 >> SOUR2:TEMP 23.267
20:01:00 >> SOUR2:TEMP 23.263
20:01:01 >> SOUR2:TEMP 23.260
20:01:02 >> SOUR2:TEMP 23.257
20:01:04 >> SOUR2:TEMP 23.253
20:01:05 >> SOUR2:TEMP 23.250
20:01:06 >> SOUR2:TEMP 23.247
20:01:07 >> SOUR2:TEMP 23.243
20:01:08 >> SOUR2:TEMP 23.240
20:01:10 >> SOUR2:TEMP 23.237
20:01:11 >> SOUR2:TEMP 23.233
20:01:12 >> SOUR2:TEMP 23.230
20:01:13 >> SOUR2:TEMP 23.227
20:01:14 >> SOUR2:TEMP 23.223
20:01:16 >> SOUR2:TEMP 23.220
20:01:17 >> SOUR2:TEMP 23.217
20:01:18 >> SOUR2:TEMP 23.213
20:01:19 >> SOUR2:TEMP 23.210
20:01:20 >> SOUR2:TEMP 23.207
20:01:22 >> SOUR2:TEMP 23.203
20:01:23 >> SOUR2:TEMP 23.200
20:01:24 >> SOUR2:TEMP 23.197
20:01:25 >> SOUR2:TEMP 23.193
20:01:26 >> SOUR2:TEMP 23.190
20:01:28 >> SOUR2:TEMP 23.187
20:01:29 >> SOUR2:TEMP 23.183
20:01:30 >> SOUR2:TEMP 23.180
20:01:31 >> SOUR2:TEMP 23.177
20:01:32 >> SOUR2:TEMP 23.173
20:01:34 >> SOUR2:TEMP 23.170
20:01:35 >> SOUR2:TEMP 23.167
20:01:36 >> SOUR2:TEMP 23.163
20:01:37 >> SOUR2:TEMP 23.160
20:01:38 >> SOUR2:TEMP 23.157
20:01:40 >> SOUR2:TEMP 23.153
20:01:41 >> SOUR2:TEMP 23.150
20:01:42 >> SOUR2:TEMP 23.147
20:01:43 >> SOUR2:TEMP 23.143
20:01:44 >> SOUR2:TEMP 23.140
20:01:46 >> SOUR2:TEMP 23.137
20:01:47 >> SOUR2:TEMP 23.133
20:01:48 >> SOUR2:TEMP 23.130
20:01:49 >> SOUR2:TEMP 23.127
20:01:50 >> SOUR2:TEMP 23.123
20:01:52 >> SOUR2:TEMP 23.120
20:01:53 >> SOUR2:TEMP 23.117
20:01:54 >> SOUR2:TEMP 23.113
20:01:55 >> SOUR2:TEMP 23.110
20:01:56 >> SOUR2:TEMP 23.107
20:01:58 >> SOUR2:TEMP 23.103
20:01:59 >> SOUR2:TEMP 23.100
20:02:00 >> SOUR2:TEMP 23.097
20:02:01 >> SOUR2:TEMP 23.093
20:02:02 >> SOUR2:TEMP 23.090
20:02:04 >> SOUR2:TEMP 23.087
20:02:05 >> SOUR2:TEMP 23.083
20:02:06 >> SOUR2:TEMP 23.080
20:02:07 >> SOUR2:TEMP 23.077
20:02:08 >> SOUR2:TEMP 23.073
20:02:10 >> SOUR2:TEMP 23.070
20:02:11 >> SOUR2:TEMP 23.067
20:02:12 >> SOUR2:TEMP 23.063
20:02:13 >> SOUR2:TEMP 23.060
20:02:14 >> SOUR2:TEMP 23.057
20:02:16 >> SOUR2:TEMP 23.053
20:02:17 >> SOUR2:TEMP 23.050
20:02:18 >> SOUR2:TEMP 23.047
20:02:19 >> SOUR2:TEMP 23.043
20:02:20 >> SOUR2:TEMP 23.040
20:02:22 >> SOUR2:TEMP 23.037
20:02:23 >> SOUR2:TEMP 23.033
20:02:24 >> SOUR2:TEMP 23.030
20:02:25 >> SOUR2:TEMP 23.027
20:02:26 >> SOUR2:TEMP 23.023
20:02:28 >> SOUR2:TEMP 23.020
20:02:29 >> SOUR2:TEMP 23.017
20:02:30 >> SOUR2:TEMP 23.013
20:02:31 >> SOUR2:TEMP 23.010
20:02:32 >> SOUR2:TEMP 23.007
20:02:34 >> SOUR2:TEMP 23.003
20:02:35 >> SOUR2:TEMP 23.000
20:02:36 >> SOUR2:TEMP 22.997
20:02:37 >> SOUR2:TEMP 22.993
20:02:38 >> SOUR2:TEMP 22.990
20:02:40 >> SOUR2:TEMP 22.987
20:02:41 >> SOUR2:TEMP 22.983
20:02:42 >> SOUR2:TEMP 22.980
20:02:43 >> SOUR2:TEMP 22.977
20:02:44 >> SOUR2:TEMP 22.973
20:02:46 >> SOUR2:TEMP 22.970
20:02:47 >> SOUR2:TEMP 22.967
20:02:48 >> SOUR2:TEMP 22.963
20:02:49 >> SOUR2:TEMP 22.960
20:02:50 >> SOUR2:TEMP 22.957
20:02:52 >> SOUR2:TEMP 22.953
20:02:53 >> SOUR2:TEMP 22.950
20:02:54 >> SOUR2:TEMP 22.947
20:02:55 >> SOUR2:TEMP 22.943
20:02:56 >> SOUR2:TEMP 22.940
20:02:58 >> SOUR2:TEMP 22.937
20:02:59 >> SOUR2:TEMP 22.933
20:03:00 >> SOUR2:TEMP 22.930
20:03:01 >> SOUR2:TEMP 22.927
20:03:02 >> SOUR2:TEMP 22.923
20:03:04 >> SOUR2:TEMP 22.920
20:03:05 >> SOUR2:TEMP 22.917
20:03:06 >> SOUR2:TEMP 22.913
20:03:07 >> SOUR2:TEMP 22.910
20:03:08 >> SOUR2:TEMP 22.907
20:03:10 >> SOUR2:TEMP 22.903
20:03:11 >> SOUR2:TEMP 22.900
20:03:12 >> SOUR2:TEMP 22.897
20:03:13 >> SOUR2:TEMP 22.893
20:03:14 >> SOUR2:TEMP 22.890
20:03:16 >> SOUR2:TEMP 22.887
20:03:17 >> SOUR2:TEMP 22.883
20:03:18 >> SOUR2:TEMP 22.880
20:03:19 >> SOUR2:TEMP 22.877
20:03:20 >> SOUR2:TEMP 22.873
20:03:22 >> SOUR2:TEMP 22.870
20:03:23 >> SOUR2:TEMP 22.867
20:03:24 >> SOUR2:TEMP 22.863
20:03:25 >> SOUR2:TEMP 22.860
20:03:26 >> SOUR2:TEMP 22.857
20:03:28 >> SOUR2:TEMP 22.853
20:03:29 >> SOUR2:TEMP 22.850
20:03:30 >> SOUR2:TEMP 22.847
20:03:31 >> SOUR2:TEMP 22.843
20:03:32 >> SOUR2:TEMP 22.840
20:03:34 >> SOUR2:TEMP 22.837
20:03:35 >> SOUR2:TEMP 22.833
20:03:36 >> SOUR2:TEMP 22.830
20:03:37 >> SOUR2:TEMP 22.827
20:03:38 >> SOUR2:TEMP 22.823
20:03:40 >> SOUR2:TEMP 22.820
20:03:41 >> SOUR2:TEMP 22.817
20:03:42 >> SOUR2:TEMP 22.813
20:03:43 >> SOUR2:TEMP 22.810
20:03:44 >> SOUR2:TEMP 22.807
20:03:46 >> SOUR2:TEMP 22.803
20:03:47 >> SOUR2:TEMP 22.800
20:03:48 >> SOUR2:TEMP 22.797
20:03:49 >> SOUR2:TEMP 22.793
20:03:50 >> SOUR2:TEMP 22.790
20:03:52 >> SOUR2:TEMP 22.787
20:03:53 >> SOUR2:TEMP 22.783
20:03:54 >> SOUR2:TEMP 22.780
20:03:55 >> SOUR2:TEMP 22.777
20:03:56 >> SOUR2:TEMP 22.773
20:03:58 >> SOUR2:TEMP 22.770
20:03:59 >> SOUR2:TEMP 22.767
20:04:00 >> SOUR2:TEMP 22.763
20:04:01 >> SOUR2:TEMP 22.760
20:04:02 >> SOUR2:TEMP 22.757
20:04:04 >> SOUR2:TEMP 22.753
20:04:05 >> SOUR2:TEMP 22.750
20:04:06 >> SOUR2:TEMP 22.747
20:04:07 >> SOUR2:TEMP 22.743
20:04:08 >> SOUR2:TEMP 22.740
20:04:10 >> SOUR2:TEMP 22.737
20:04:11 >> SOUR2:TEMP 22.733
20:04:12 >> SOUR2:TEMP 22.730
20:04:13 >> SOUR2:TEMP 22.727
20:04:14 >> SOUR2:TEMP 22.723
20:04:16 >> SOUR2:TEMP 22.720
20:04:17 >> SOUR2:TEMP 22.717
20:04:18 >> SOUR2:TEMP 22.713
20:04:19 >> SOUR2:TEMP 22.710
20:04:20 >> SOUR2:TEMP 22.707
20:04:22 >> SOUR2:TEMP 22.703
20:04:23 >> SOUR2:TEMP 22.700
20:04:24 >> SOUR2:TEMP 22.697
20:04:25 >> SOUR2:TEMP 22.693
20:04:26 >> SOUR2:TEMP 22.690
20:04:28 >> SOUR2:TEMP 22.687
20:04:29 >> SOUR2:TEMP 22.683
20:04:30 >> SOUR2:TEMP 22.680
20:04:31 >> SOUR2:TEMP 22.677
20:04:32 >> SOUR2:TEMP 22.673
20:04:34 >> SOUR2:TEMP 22.670
20:04:35 >> SOUR2:TEMP 22.667
20:04:36 >> SOUR2:TEMP 22.663
20:04:37 >> SOUR2:TEMP 22.660
20:04:38 >> SOUR2:TEMP 22.657
20:04:40 >> SOUR2:TEMP 22.653
20:04:41 >> SOUR2:TEMP 22.650
20:04:42 >> SOUR2:TEMP 22.647
20:04:43 >> SOUR2:TEMP 22.643
20:04:44 >> SOUR2:TEMP 22.640
20:04:46 >> SOUR2:TEMP 22.637
20:04:47 >> SOUR2:TEMP 22.633
20:04:48 >> SOUR2:TEMP 22.630
20:04:49 >> SOUR2:TEMP 22.627
20:04:50 >> SOUR2:TEMP 22.623
20:04:52 >> SOUR2:TEMP 22.620
20:04:53 >> SOUR2:TEMP 22.617
20:04:54 >> SOUR2:TEMP 22.613
20:04:55 >> SOUR2:TEMP 22.610
20:04:56 >> SOUR2:TEMP 22.607
20:04:58 >> SOUR2:TEMP 22.603
20:04:59 >> SOUR2:TEMP 22.600
20:05:00 >> SOUR2:TEMP 22.597
20:05:01 >> SOUR2:TEMP 22.593
20:05:02 >> SOUR2:TEMP 22.590
20:05:04 >> SOUR2:TEMP 22.587
20:05:05 >> SOUR2:TEMP 22.583
20:05:06 >> SOUR2:TEMP 22.580
20:05:07 >> SOUR2:TEMP 22.577
20:05:08 >> SOUR2:TEMP 22.573
20:05:10 >> SOUR2:TEMP 22.570
20:05:11 >> SOUR2:TEMP 22.567
20:05:12 >> SOUR2:TEMP 22.563
20:05:13 >> SOUR2:TEMP 22.560
20:05:14 >> SOUR2:TEMP 22.557
20:05:16 >> SOUR2:TEMP 22.553
20:05:17 >> SOUR2:TEMP 22.550
20:05:18 >> SOUR2:TEMP 22.547
20:05:19 >> SOUR2:TEMP 22.543
20:05:20 >> SOUR2:TEMP 22.540
20:05:22 >> SOUR2:TEMP 22.537
20:05:23 >> SOUR2:TEMP 22.533
20:05:24 >> SOUR2:TEMP 22.530
20:05:25 >> SOUR2:TEMP 22.527
20:05:26 >> SOUR2:TEMP 22.523
20:05:28 >> SOUR2:TEMP 22.520
20:05:29 >> SOUR2:TEMP 22.517
20:05:30 >> SOUR2:TEMP 22.513
20:05:31 >> SOUR2:TEMP 22.510
20:05:32 >> SOUR2:TEMP 22.507
20:05:34 >> SOUR2:TEMP 22.503
